<?xml version="1.0" encoding="UTF-8" standalone="no"?>
<!DOCTYPE log SYSTEM "logger.dtd">
<log>
<record>
  <date>2019-06-27T16:21:38</date>
  <millis>1561623698065</millis>
  <sequence>0</sequence>
  <level>START</level>
  <class>com.kms.katalon.core.logging.XmlKeywordLogger</class>
  <method>startSuite</method>
  <thread>1</thread>
  <message>Start Test Suite : Test Suites/DocumentAPI</message>
  <nestedLevel>0</nestedLevel>
  <property name="name">DocumentAPI</property>
  <property name="description">Test suites for DocumentAPI</property>
  <property name="id">Test Suites/DocumentAPI</property>
</record>
<record>
  <date>2019-06-27T16:21:38</date>
  <millis>1561623698084</millis>
  <sequence>1</sequence>
  <level>RUN_DATA</level>
  <class>com.kms.katalon.core.logging.XmlKeywordLogger</class>
  <method>logMessage</method>
  <thread>1</thread>
  <message>hostName = arcillas - arcillas-PC</message>
  <nestedLevel>0</nestedLevel>
  <property name="hostName">arcillas - arcillas-PC</property>
</record>
<record>
  <date>2019-06-27T16:21:38</date>
  <millis>1561623698085</millis>
  <sequence>2</sequence>
  <level>RUN_DATA</level>
  <class>com.kms.katalon.core.logging.XmlKeywordLogger</class>
  <method>logMessage</method>
  <thread>1</thread>
  <message>os = Windows 7 64bit</message>
  <nestedLevel>0</nestedLevel>
  <property name="os">Windows 7 64bit</property>
</record>
<record>
  <date>2019-06-27T16:21:38</date>
  <millis>1561623698086</millis>
  <sequence>3</sequence>
  <level>RUN_DATA</level>
  <class>com.kms.katalon.core.logging.XmlKeywordLogger</class>
  <method>logMessage</method>
  <thread>1</thread>
  <message>hostAddress = 192.168.254.182</message>
  <nestedLevel>0</nestedLevel>
  <property name="hostAddress">192.168.254.182</property>
</record>
<record>
  <date>2019-06-27T16:21:38</date>
  <millis>1561623698086</millis>
  <sequence>4</sequence>
  <level>RUN_DATA</level>
  <class>com.kms.katalon.core.logging.XmlKeywordLogger</class>
  <method>logMessage</method>
  <thread>1</thread>
  <message>katalonVersion = 6.2.0.1</message>
  <nestedLevel>0</nestedLevel>
  <property name="katalonVersion">6.2.0.1</property>
</record>
<record>
  <date>2019-06-27T16:21:38</date>
  <millis>1561623698566</millis>
  <sequence>5</sequence>
  <level>START</level>
  <class>com.kms.katalon.core.logging.XmlKeywordLogger</class>
  <method>startTest</method>
  <thread>1</thread>
  <message>Start Test Case : Test Cases/DocumentAPI/ValidateCreateDocument</message>
  <nestedLevel>1</nestedLevel>
  <property name="name">Test Cases/DocumentAPI/ValidateCreateDocument</property>
  <property name="description"></property>
  <property name="id">Test Cases/DocumentAPI/ValidateCreateDocument</property>
  <property name="source">C:\\Users\\arcillas\\git\\DemonMobileAPI\\Test Cases\\DocumentAPI\\ValidateCreateDocument.tc</property>
  <property name="tag">DocumentDetails</property>
  <property name="isOptional">false</property>
</record>
<record>
  <date>2019-06-27T16:21:39</date>
  <millis>1561623699483</millis>
  <sequence>7</sequence>
  <level>START</level>
  <class>com.kms.katalon.core.logging.XmlKeywordLogger</class>
  <method>startKeyword</method>
  <thread>1</thread>
  <message>Start action : response = sendRequest(findTestObject(\&amp;quot;CreateDocumentAPI\&amp;quot;))</message>
  <nestedLevel>1</nestedLevel>
  <property name="startLine">20</property>
  <property name="stepIndex">1</property>
</record>
<record>
  <date>2019-06-27T16:21:45</date>
  <millis>1561623705494</millis>
  <sequence>11</sequence>
  <level>INFO</level>
  <class>com.kms.katalon.core.logging.XmlKeywordLogger</class>
  <method>logMessage</method>
  <thread>1</thread>
  <message>HAR: C:\\Users\\arcillas\\git\\DemonMobileAPI\\Reports\\DocumentAPI\\20190627_162133\\requests\\main\\0.har</message>
  <nestedLevel>1</nestedLevel>
  <property name="harId">bd38c99d-9dee-4e28-aafa-c3dd5faa96c4</property>
</record>
<record>
  <date>2019-06-27T16:21:45</date>
  <millis>1561623705756</millis>
  <sequence>12</sequence>
  <level>PASSED</level>
  <class>com.kms.katalon.core.logging.XmlKeywordLogger</class>
  <method>logMessage</method>
  <thread>1</thread>
  <message>Send request successfully</message>
  <nestedLevel>1</nestedLevel>
</record>
<record>
  <date>2019-06-27T16:21:45</date>
  <millis>1561623705760</millis>
  <sequence>13</sequence>
  <level>END</level>
  <class>com.kms.katalon.core.logging.XmlKeywordLogger</class>
  <method>endKeyword</method>
  <thread>1</thread>
  <message>End action : response = sendRequest(findTestObject(\&amp;quot;CreateDocumentAPI\&amp;quot;))</message>
  <nestedLevel>1</nestedLevel>
</record>
<record>
  <date>2019-06-27T16:21:45</date>
  <millis>1561623705760</millis>
  <sequence>14</sequence>
  <level>START</level>
  <class>com.kms.katalon.core.logging.XmlKeywordLogger</class>
  <method>startKeyword</method>
  <thread>1</thread>
  <message>Start action : verifyResponseStatusCode(response, 200)</message>
  <nestedLevel>1</nestedLevel>
  <property name="startLine">22</property>
  <property name="stepIndex">2</property>
</record>
<record>
  <date>2019-06-27T16:21:45</date>
  <millis>1561623705780</millis>
  <sequence>16</sequence>
  <level>PASSED</level>
  <class>com.kms.katalon.core.logging.XmlKeywordLogger</class>
  <method>logMessage</method>
  <thread>1</thread>
  <message>Verify response status code successfully</message>
  <nestedLevel>1</nestedLevel>
</record>
<record>
  <date>2019-06-27T16:21:45</date>
  <millis>1561623705781</millis>
  <sequence>17</sequence>
  <level>END</level>
  <class>com.kms.katalon.core.logging.XmlKeywordLogger</class>
  <method>endKeyword</method>
  <thread>1</thread>
  <message>End action : verifyResponseStatusCode(response, 200)</message>
  <nestedLevel>1</nestedLevel>
</record>
<record>
  <date>2019-06-27T16:21:45</date>
  <millis>1561623705782</millis>
  <sequence>18</sequence>
  <level>START</level>
  <class>com.kms.katalon.core.logging.XmlKeywordLogger</class>
  <method>startKeyword</method>
  <thread>1</thread>
  <message>Start action : containsString(response, \&amp;quot;DocumentId\&amp;quot;, false)</message>
  <nestedLevel>1</nestedLevel>
  <property name="startLine">24</property>
  <property name="stepIndex">3</property>
</record>
<record>
  <date>2019-06-27T16:21:45</date>
  <millis>1561623705870</millis>
  <sequence>21</sequence>
  <level>PASSED</level>
  <class>com.kms.katalon.core.logging.XmlKeywordLogger</class>
  <method>logMessage</method>
  <thread>1</thread>
  <message>Check contain string successfully</message>
  <nestedLevel>1</nestedLevel>
</record>
<record>
  <date>2019-06-27T16:21:45</date>
  <millis>1561623705871</millis>
  <sequence>22</sequence>
  <level>END</level>
  <class>com.kms.katalon.core.logging.XmlKeywordLogger</class>
  <method>endKeyword</method>
  <thread>1</thread>
  <message>End action : containsString(response, \&amp;quot;DocumentId\&amp;quot;, false)</message>
  <nestedLevel>1</nestedLevel>
</record>
<record>
  <date>2019-06-27T16:21:45</date>
  <millis>1561623705871</millis>
  <sequence>23</sequence>
  <level>PASSED</level>
  <class>com.kms.katalon.core.logging.XmlKeywordLogger</class>
  <method>logMessage</method>
  <thread>1</thread>
  <message>Test Cases/DocumentAPI/ValidateCreateDocument</message>
  <nestedLevel>1</nestedLevel>
</record>
<record>
  <date>2019-06-27T16:21:45</date>
  <millis>1561623705872</millis>
  <sequence>24</sequence>
  <level>END</level>
  <class>com.kms.katalon.core.logging.XmlKeywordLogger</class>
  <method>endTest</method>
  <thread>1</thread>
  <message>End Test Case : Test Cases/DocumentAPI/ValidateCreateDocument</message>
  <nestedLevel>0</nestedLevel>
</record>
<record>
  <date>2019-06-27T16:21:46</date>
  <millis>1561623706065</millis>
  <sequence>25</sequence>
  <level>END</level>
  <class>com.kms.katalon.core.logging.XmlKeywordLogger</class>
  <method>endSuite</method>
  <thread>1</thread>
  <message>End Test Suite : Test Suites/DocumentAPI</message>
  <nestedLevel>0</nestedLevel>
</record>
</log>
